#   ... processing Perseus_A426_CLUSTER ...
# x= #theta [deg]
# y= J(#theta) [GeV^{2} cm^{-5}]
#      x                  y[sm|cl|cp|tot]                     y/y_norm[sm|cl|cp|tot]              y/dOmega[sm|cl|cp|tot]       Boost
  1.0000e-02     7.19e+16 1.43e+15 4.83e+14 7.38e+16    1.00e+00 1.00e+00 1.00e+00 1.00e+00    9.90e+22 6.23e+20 3.45e+20 1.00e+23    1.02e+00
  1.0898e-02     7.18e+16 1.43e+15 4.83e+14 7.37e+16    9.98e-01 9.99e-01 9.98e-01 9.98e-01    8.91e+22 6.25e+20 3.35e+20 9.01e+22    1.02e+00
  1.1878e-02     7.16e+16 1.43e+15 4.82e+14 7.35e+16    9.95e-01 9.99e-01 9.96e-01 9.96e-01    8.01e+22 6.23e+20 3.24e+20 8.11e+22    1.02e+00
  1.2945e-02     7.10e+16 1.43e+15 4.80e+14 7.29e+16    9.88e-01 9.99e-01 9.94e-01 9.88e-01    7.19e+22 6.24e+20 3.13e+20 7.29e+22    1.02e+00
  1.4108e-02     7.09e+16 1.43e+15 4.80e+14 7.28e+16    9.85e-01 1.00e+00 9.93e-01 9.86e-01    6.45e+22 6.23e+20 3.02e+20 6.54e+22    1.02e+00
  1.5375e-02     7.08e+16 1.43e+15 4.76e+14 7.27e+16    9.85e-01 9.99e-01 9.85e-01 9.85e-01    5.77e+22 6.24e+20 2.92e+20 5.87e+22    1.02e+00
  1.6756e-02     7.04e+16 1.43e+15 4.74e+14 7.23e+16    9.79e-01 9.99e-01 9.81e-01 9.79e-01    5.16e+22 6.23e+20 2.81e+20 5.25e+22    1.02e+00
  1.8262e-02     7.00e+16 1.43e+15 4.72e+14 7.19e+16    9.73e-01 1.00e+00 9.76e-01 9.74e-01    4.60e+22 6.23e+20 2.71e+20 4.69e+22    1.02e+00
  1.9902e-02     6.94e+16 1.43e+15 4.69e+14 7.12e+16    9.64e-01 9.98e-01 9.70e-01 9.65e-01    4.10e+22 6.23e+20 2.61e+20 4.19e+22    1.02e+00
  2.1691e-02     6.87e+16 1.43e+15 4.65e+14 7.06e+16    9.56e-01 9.98e-01 9.62e-01 9.56e-01    3.64e+22 6.22e+20 2.50e+20 3.73e+22    1.02e+00
  2.3639e-02     6.82e+16 1.43e+15 4.60e+14 7.01e+16    9.48e-01 9.99e-01 9.52e-01 9.49e-01    3.23e+22 6.22e+20 2.40e+20 3.32e+22    1.02e+00
  2.5763e-02     6.70e+16 1.43e+15 4.55e+14 6.89e+16    9.32e-01 9.99e-01 9.41e-01 9.33e-01    2.86e+22 6.22e+20 2.29e+20 2.94e+22    1.02e+00
  2.8078e-02     6.59e+16 1.43e+15 4.49e+14 6.77e+16    9.16e-01 9.98e-01 9.30e-01 9.18e-01    2.52e+22 6.21e+20 2.19e+20 2.61e+22    1.02e+00
  3.0600e-02     6.44e+16 1.43e+15 4.42e+14 6.62e+16    8.95e-01 9.96e-01 9.14e-01 8.97e-01    2.22e+22 6.20e+20 2.09e+20 2.30e+22    1.02e+00
  3.3349e-02     6.26e+16 1.43e+15 4.32e+14 6.45e+16    8.70e-01 9.97e-01 8.95e-01 8.73e-01    1.95e+22 6.21e+20 1.99e+20 2.03e+22    1.02e+00
  3.6345e-02     6.02e+16 1.42e+15 4.22e+14 6.21e+16    8.37e-01 9.95e-01 8.73e-01 8.41e-01    1.75e+22 6.20e+20 1.89e+20 1.83e+22    1.02e+00
  3.9611e-02     5.72e+16 1.43e+15 4.10e+14 5.90e+16    7.95e-01 9.96e-01 8.49e-01 7.99e-01    1.49e+22 6.20e+20 1.80e+20 1.57e+22    1.02e+00
  4.3169e-02     5.31e+16 1.42e+15 3.96e+14 5.49e+16    7.39e-01 9.94e-01 8.18e-01 7.44e-01    1.30e+22 6.19e+20 1.70e+20 1.38e+22    1.03e+00
  4.7048e-02     4.54e+16 1.42e+15 3.74e+14 4.72e+16    6.32e-01 9.92e-01 7.74e-01 6.40e-01    1.12e+22 6.18e+20 1.61e+20 1.20e+22    1.03e+00
  5.1275e-02     3.51e+16 1.42e+15 3.56e+14 3.68e+16    4.88e-01 9.91e-01 7.37e-01 4.99e-01    9.71e+21 6.17e+20 1.52e+20 1.05e+22    1.04e+00
  5.5881e-02     2.72e+16 1.42e+15 3.35e+14 2.89e+16    3.78e-01 9.90e-01 6.92e-01 3.92e-01    8.36e+21 6.15e+20 1.43e+20 9.12e+21    1.05e+00
  6.0902e-02     2.20e+16 1.42e+15 3.12e+14 2.38e+16    3.06e-01 9.90e-01 6.46e-01 3.22e-01    7.17e+21 6.14e+20 1.34e+20 7.91e+21    1.06e+00
  6.6373e-02     1.80e+16 1.41e+15 2.93e+14 1.97e+16    2.50e-01 9.86e-01 6.06e-01 2.67e-01    6.12e+21 6.12e+20 1.25e+20 6.85e+21    1.08e+00
  7.2336e-02     1.48e+16 1.41e+15 2.73e+14 1.65e+16    2.06e-01 9.85e-01 5.65e-01 2.23e-01    5.20e+21 6.12e+20 1.17e+20 5.93e+21    1.09e+00
  7.8835e-02     1.22e+16 1.40e+15 2.53e+14 1.38e+16    1.69e-01 9.80e-01 5.24e-01 1.87e-01    4.40e+21 6.09e+20 1.09e+20 5.11e+21    1.11e+00
  8.5918e-02     1.00e+16 1.40e+15 2.36e+14 1.16e+16    1.39e-01 9.80e-01 4.87e-01 1.58e-01    3.70e+21 6.08e+20 9.03e+19 4.40e+21    1.14e+00
  9.3637e-02     8.22e+15 1.39e+15 2.17e+14 9.83e+15    1.14e-01 9.74e-01 4.50e-01 1.33e-01    3.10e+21 6.05e+20 9.29e+19 3.80e+21    1.16e+00
  1.0205e-01     6.74e+15 1.39e+15 2.00e+14 8.32e+15    9.37e-02 9.70e-01 4.13e-01 1.13e-01    2.58e+21 6.02e+20 8.55e+19 3.27e+21    1.20e+00
  1.1122e-01     5.49e+15 1.38e+15 1.83e+14 7.06e+15    7.64e-02 9.65e-01 3.78e-01 9.56e-02    2.13e+21 6.00e+20 7.85e+19 2.81e+21    1.24e+00
  1.2121e-01     4.47e+15 1.38e+15 1.68e+14 6.01e+15    6.21e-02 9.62e-01 3.47e-01 8.14e-02    1.76e+21 5.97e+20 7.17e+19 2.43e+21    1.30e+00
  1.3210e-01     3.60e+15 1.37e+15 1.52e+14 5.12e+15    5.00e-02 9.55e-01 3.15e-01 6.93e-02    1.44e+21 5.94e+20 6.53e+19 2.10e+21    1.36e+00
  1.4397e-01     2.91e+15 1.36e+15 1.38e+14 4.41e+15    4.05e-02 9.49e-01 2.86e-01 5.97e-02    1.01e+21 5.89e+20 5.91e+19 1.66e+21    1.45e+00
  1.5690e-01     2.32e+15 1.35e+15 1.24e+14 3.79e+15    3.22e-02 9.43e-01 2.57e-01 5.13e-02    9.42e+20 5.85e+20 5.33e+19 1.58e+21    1.54e+00
  1.7100e-01     1.85e+15 1.34e+15 1.12e+14 3.29e+15    2.57e-02 9.35e-01 2.31e-01 4.46e-02    7.55e+20 5.80e+20 4.79e+19 1.38e+21    1.68e+00
  1.8636e-01     1.46e+15 1.33e+15 9.97e+13 2.88e+15    2.03e-02 9.27e-01 2.06e-01 3.91e-02    6.00e+20 5.75e+20 4.28e+19 1.22e+21    1.84e+00
  2.0310e-01     1.15e+15 1.31e+15 8.84e+13 2.55e+15    1.60e-02 9.16e-01 1.83e-01 3.45e-02    4.74e+20 5.69e+20 3.80e+19 1.08e+21    2.05e+00
  2.2135e-01     8.97e+14 1.30e+15 7.79e+13 2.27e+15    1.25e-02 9.06e-01 1.61e-01 3.08e-02    3.71e+20 5.61e+20 3.36e+19 9.66e+20    2.32e+00
  2.4124e-01     6.93e+14 1.28e+15 6.84e+13 2.04e+15    9.64e-03 8.93e-01 1.41e-01 2.76e-02    2.88e+20 5.54e+20 2.93e+19 8.71e+20    2.67e+00
  2.6291e-01     5.32e+14 1.26e+15 5.97e+13 1.85e+15    7.39e-03 8.81e-01 1.23e-01 2.51e-02    2.22e+20 5.45e+20 2.56e+19 7.93e+20    3.12e+00
  2.8653e-01     4.04e+14 1.24e+15 5.19e+13 1.70e+15    5.62e-03 8.66e-01 1.07e-01 2.30e-02    1.69e+20 5.37e+20 2.23e+19 7.28e+20    3.70e+00
  3.1227e-01     3.04e+14 1.21e+15 4.47e+13 1.56e+15    4.22e-03 8.48e-01 9.25e-02 2.12e-02    1.28e+20 5.27e+20 1.93e+19 6.74e+20    4.46e+00
  3.4033e-01     2.26e+14 1.19e+15 3.84e+13 1.45e+15    3.14e-03 8.32e-01 7.95e-02 1.97e-02    9.50e+19 5.16e+20 1.65e+19 6.28e+20    5.46e+00
  3.7090e-01     1.67e+14 1.16e+15 3.26e+13 1.36e+15    2.32e-03 8.12e-01 6.74e-02 1.84e-02    7.05e+19 5.03e+20 1.40e+19 5.88e+20    6.75e+00
  4.0423e-01     1.22e+14 1.13e+15 2.75e+13 1.28e+15    1.70e-03 7.91e-01 5.68e-02 1.74e-02    5.19e+19 4.91e+20 1.18e+19 5.55e+20    8.43e+00
  4.4054e-01     8.86e+13 1.10e+15 2.30e+13 1.21e+15    1.23e-03 7.67e-01 4.75e-02 1.64e-02    3.76e+19 4.76e+20 9.90e+18 5.24e+20    1.07e+01
  4.8012e-01     6.32e+13 1.06e+15 1.90e+13 1.14e+15    8.79e-04 7.40e-01 3.93e-02 1.55e-02    2.69e+19 4.59e+20 8.18e+18 4.94e+20    1.36e+01
  5.2325e-01     4.45e+13 1.02e+15 1.55e+13 1.08e+15    6.19e-04 7.12e-01 3.21e-02 1.46e-02    1.90e+19 4.42e+20 6.70e+18 4.68e+20    1.75e+01
  5.7026e-01     3.09e+13 9.76e+14 1.25e+13 1.02e+15    4.30e-04 6.82e-01 2.59e-02 1.38e-02    1.32e+19 4.22e+20 5.42e+18 4.41e+20    2.26e+01
  6.2150e-01     2.11e+13 9.27e+14 9.82e+12 9.58e+14    2.94e-04 6.48e-01 2.03e-02 1.30e-02    9.03e+18 4.02e+20 4.23e+18 4.15e+20    2.94e+01
  6.7733e-01     1.42e+13 8.78e+14 7.98e+12 9.00e+14    1.98e-04 6.13e-01 1.65e-02 1.22e-02    6.07e+18 3.80e+20 3.44e+18 3.89e+20    3.83e+01
  7.3819e-01     9.34e+12 8.17e+14 6.19e+12 8.33e+14    1.30e-04 5.71e-01 1.28e-02 1.13e-02    4.00e+18 3.55e+20 2.67e+18 3.61e+20    4.99e+01
  8.0451e-01     6.01e+12 7.56e+14 4.72e+12 7.67e+14    8.35e-05 5.29e-01 9.77e-03 1.04e-02    2.57e+18 3.28e+20 2.03e+18 3.32e+20    6.57e+01
  8.7679e-01     3.75e+12 6.86e+14 3.51e+12 6.93e+14    5.21e-05 4.80e-01 7.26e-03 9.39e-03    1.61e+18 2.98e+20 1.52e+18 3.01e+20    8.50e+01
  9.5556e-01     2.25e+12 6.10e+14 2.54e+12 6.15e+14    3.13e-05 4.27e-01 5.26e-03 8.33e-03    9.62e+17 2.65e+20 1.10e+18 2.67e+20    1.11e+02
  1.0414e+00     1.30e+12 5.26e+14 1.76e+12 5.29e+14    1.81e-05 3.67e-01 3.64e-03 7.16e-03    5.59e+17 2.28e+20 7.58e+17 2.29e+20    1.44e+02
  1.1350e+00     6.96e+11 4.24e+14 1.14e+12 4.26e+14    9.68e-06 2.97e-01 2.35e-03 5.77e-03    2.98e+17 1.84e+20 4.90e+17 1.85e+20    1.85e+02
  1.2369e+00     3.17e+11 2.96e+14 6.27e+11 2.97e+14    4.41e-06 2.07e-01 1.30e-03 4.02e-03    1.36e+17 1.29e+20 2.71e+17 1.30e+20    2.36e+02
  1.3481e+00     4.82e+10 6.49e+13 1.12e+11 6.51e+13    6.71e-07 4.54e-02 2.31e-04 8.81e-04    1.39e+16 2.06e+19 3.36e+16 2.07e+19    2.89e+02
  1.4692e+00     0.00e+00 0.00e+00 0.00e+00 0.00e+00    0.00e+00 0.00e+00 0.00e+00 0.00e+00    0.00e+00 0.00e+00 0.00e+00 0.00e+00    2.89e+02
  1.6012e+00     0.00e+00 0.00e+00 0.00e+00 0.00e+00    0.00e+00 0.00e+00 0.00e+00 0.00e+00    0.00e+00 0.00e+00 0.00e+00 0.00e+00    2.89e+02
  1.7450e+00     0.00e+00 0.00e+00 0.00e+00 0.00e+00    0.00e+00 0.00e+00 0.00e+00 0.00e+00    0.00e+00 0.00e+00 0.00e+00 0.00e+00    2.89e+02
  1.9018e+00     0.00e+00 0.00e+00 0.00e+00 0.00e+00    0.00e+00 0.00e+00 0.00e+00 0.00e+00    0.00e+00 0.00e+00 0.00e+00 0.00e+00    2.89e+02
  2.0727e+00     0.00e+00 0.00e+00 0.00e+00 0.00e+00    0.00e+00 0.00e+00 0.00e+00 0.00e+00    0.00e+00 0.00e+00 0.00e+00 0.00e+00    2.89e+02
  2.2589e+00     0.00e+00 0.00e+00 0.00e+00 0.00e+00    0.00e+00 0.00e+00 0.00e+00 0.00e+00    0.00e+00 0.00e+00 0.00e+00 0.00e+00    2.89e+02
  2.4618e+00     0.00e+00 0.00e+00 0.00e+00 0.00e+00    0.00e+00 0.00e+00 0.00e+00 0.00e+00    0.00e+00 0.00e+00 0.00e+00 0.00e+00    2.89e+02
  2.6830e+00     0.00e+00 0.00e+00 0.00e+00 0.00e+00    0.00e+00 0.00e+00 0.00e+00 0.00e+00    0.00e+00 0.00e+00 0.00e+00 0.00e+00    2.89e+02
  2.9240e+00     0.00e+00 0.00e+00 0.00e+00 0.00e+00    0.00e+00 0.00e+00 0.00e+00 0.00e+00    0.00e+00 0.00e+00 0.00e+00 0.00e+00    2.89e+02
  3.1867e+00     0.00e+00 0.00e+00 0.00e+00 0.00e+00    0.00e+00 0.00e+00 0.00e+00 0.00e+00    0.00e+00 0.00e+00 0.00e+00 0.00e+00    2.89e+02
  3.4730e+00     0.00e+00 0.00e+00 0.00e+00 0.00e+00    0.00e+00 0.00e+00 0.00e+00 0.00e+00    0.00e+00 0.00e+00 0.00e+00 0.00e+00    2.89e+02
  3.7850e+00     0.00e+00 0.00e+00 0.00e+00 0.00e+00    0.00e+00 0.00e+00 0.00e+00 0.00e+00    0.00e+00 0.00e+00 0.00e+00 0.00e+00    2.89e+02
  4.1251e+00     0.00e+00 0.00e+00 0.00e+00 0.00e+00    0.00e+00 0.00e+00 0.00e+00 0.00e+00    0.00e+00 0.00e+00 0.00e+00 0.00e+00    2.89e+02
  4.4957e+00     0.00e+00 0.00e+00 0.00e+00 0.00e+00    0.00e+00 0.00e+00 0.00e+00 0.00e+00    0.00e+00 0.00e+00 0.00e+00 0.00e+00    2.89e+02
  4.8996e+00     0.00e+00 0.00e+00 0.00e+00 0.00e+00    0.00e+00 0.00e+00 0.00e+00 0.00e+00    0.00e+00 0.00e+00 0.00e+00 0.00e+00    2.89e+02
  5.3398e+00     0.00e+00 0.00e+00 0.00e+00 0.00e+00    0.00e+00 0.00e+00 0.00e+00 0.00e+00    0.00e+00 0.00e+00 0.00e+00 0.00e+00    2.89e+02
  5.8195e+00     0.00e+00 0.00e+00 0.00e+00 0.00e+00    0.00e+00 0.00e+00 0.00e+00 0.00e+00    0.00e+00 0.00e+00 0.00e+00 0.00e+00    2.89e+02
  6.3423e+00     0.00e+00 0.00e+00 0.00e+00 0.00e+00    0.00e+00 0.00e+00 0.00e+00 0.00e+00    0.00e+00 0.00e+00 0.00e+00 0.00e+00    2.89e+02
  6.9122e+00     0.00e+00 0.00e+00 0.00e+00 0.00e+00    0.00e+00 0.00e+00 0.00e+00 0.00e+00    0.00e+00 0.00e+00 0.00e+00 0.00e+00    2.89e+02
  7.5332e+00     0.00e+00 0.00e+00 0.00e+00 0.00e+00    0.00e+00 0.00e+00 0.00e+00 0.00e+00    0.00e+00 0.00e+00 0.00e+00 0.00e+00    2.89e+02
  8.2099e+00     0.00e+00 0.00e+00 0.00e+00 0.00e+00    0.00e+00 0.00e+00 0.00e+00 0.00e+00    0.00e+00 0.00e+00 0.00e+00 0.00e+00    2.89e+02
  8.9475e+00     0.00e+00 0.00e+00 0.00e+00 0.00e+00    0.00e+00 0.00e+00 0.00e+00 0.00e+00    0.00e+00 0.00e+00 0.00e+00 0.00e+00    2.89e+02
  9.7514e+00     0.00e+00 0.00e+00 0.00e+00 0.00e+00    0.00e+00 0.00e+00 0.00e+00 0.00e+00    0.00e+00 0.00e+00 0.00e+00 0.00e+00    2.89e+02
  1.0627e+01     0.00e+00 0.00e+00 0.00e+00 0.00e+00    0.00e+00 0.00e+00 0.00e+00 0.00e+00    0.00e+00 0.00e+00 0.00e+00 0.00e+00    2.89e+02
  1.1582e+01     0.00e+00 0.00e+00 0.00e+00 0.00e+00    0.00e+00 0.00e+00 0.00e+00 0.00e+00    0.00e+00 0.00e+00 0.00e+00 0.00e+00    2.89e+02
  1.2623e+01     0.00e+00 0.00e+00 0.00e+00 0.00e+00    0.00e+00 0.00e+00 0.00e+00 0.00e+00    0.00e+00 0.00e+00 0.00e+00 0.00e+00    2.89e+02
  1.3757e+01     0.00e+00 0.00e+00 0.00e+00 0.00e+00    0.00e+00 0.00e+00 0.00e+00 0.00e+00    0.00e+00 0.00e+00 0.00e+00 0.00e+00    2.89e+02
  1.4993e+01     0.00e+00 0.00e+00 0.00e+00 0.00e+00    0.00e+00 0.00e+00 0.00e+00 0.00e+00    0.00e+00 0.00e+00 0.00e+00 0.00e+00    2.89e+02
  1.6340e+01     0.00e+00 0.00e+00 0.00e+00 0.00e+00    0.00e+00 0.00e+00 0.00e+00 0.00e+00    0.00e+00 0.00e+00 0.00e+00 0.00e+00    2.89e+02
  1.7808e+01     0.00e+00 0.00e+00 0.00e+00 0.00e+00    0.00e+00 0.00e+00 0.00e+00 0.00e+00    0.00e+00 0.00e+00 0.00e+00 0.00e+00    2.89e+02
  1.9408e+01     0.00e+00 0.00e+00 0.00e+00 0.00e+00    0.00e+00 0.00e+00 0.00e+00 0.00e+00    0.00e+00 0.00e+00 0.00e+00 0.00e+00    2.89e+02
  2.1151e+01     0.00e+00 0.00e+00 0.00e+00 0.00e+00    0.00e+00 0.00e+00 0.00e+00 0.00e+00    0.00e+00 0.00e+00 0.00e+00 0.00e+00    2.89e+02
  2.3052e+01     0.00e+00 0.00e+00 0.00e+00 0.00e+00    0.00e+00 0.00e+00 0.00e+00 0.00e+00    0.00e+00 0.00e+00 0.00e+00 0.00e+00    2.89e+02
  2.5123e+01     0.00e+00 0.00e+00 0.00e+00 0.00e+00    0.00e+00 0.00e+00 0.00e+00 0.00e+00    0.00e+00 0.00e+00 0.00e+00 0.00e+00    2.89e+02
  2.7380e+01     0.00e+00 0.00e+00 0.00e+00 0.00e+00    0.00e+00 0.00e+00 0.00e+00 0.00e+00    0.00e+00 0.00e+00 0.00e+00 0.00e+00    2.89e+02
  2.9839e+01     0.00e+00 0.00e+00 0.00e+00 0.00e+00    0.00e+00 0.00e+00 0.00e+00 0.00e+00    0.00e+00 0.00e+00 0.00e+00 0.00e+00    2.89e+02
  3.2520e+01     0.00e+00 0.00e+00 0.00e+00 0.00e+00    0.00e+00 0.00e+00 0.00e+00 0.00e+00    0.00e+00 0.00e+00 0.00e+00 0.00e+00    2.89e+02
  3.5442e+01     0.00e+00 0.00e+00 0.00e+00 0.00e+00    0.00e+00 0.00e+00 0.00e+00 0.00e+00    0.00e+00 0.00e+00 0.00e+00 0.00e+00    2.89e+02
  3.8626e+01     0.00e+00 0.00e+00 0.00e+00 0.00e+00    0.00e+00 0.00e+00 0.00e+00 0.00e+00    0.00e+00 0.00e+00 0.00e+00 0.00e+00    2.89e+02
  4.2096e+01     0.00e+00 0.00e+00 0.00e+00 0.00e+00    0.00e+00 0.00e+00 0.00e+00 0.00e+00    0.00e+00 0.00e+00 0.00e+00 0.00e+00    2.89e+02
  4.5878e+01     0.00e+00 0.00e+00 0.00e+00 0.00e+00    0.00e+00 0.00e+00 0.00e+00 0.00e+00    0.00e+00 0.00e+00 0.00e+00 0.00e+00    2.89e+02
  5.0000e+01     0.00e+00 0.00e+00 0.00e+00 0.00e+00    0.00e+00 0.00e+00 0.00e+00 0.00e+00    0.00e+00 0.00e+00 0.00e+00 0.00e+00    2.89e+02
#   ... processing Perseus_A426_z05_CLUSTER ...
# x= #theta [deg]
# y= J(#theta) [GeV^{2} cm^{-5}]
#      x                  y[sm|cl|cp|tot]                     y/y_norm[sm|cl|cp|tot]              y/dOmega[sm|cl|cp|tot]       Boost
  1.0000e-02     8.92e+14 5.37e+14 4.36e+13 1.47e+15    1.00e+00 1.00e+00 1.00e+00 1.00e+00    2.00e+21 9.02e+20 2.03e+20 3.10e+21    1.57e+00
  1.0898e-02     8.92e+14 5.33e+14 4.36e+13 1.47e+15    1.00e+00 9.94e-01 9.99e-01 9.98e-01    1.54e+21 8.90e+20 1.78e+20 2.60e+21    1.56e+00
  1.1878e-02     8.92e+14 5.29e+14 4.34e+13 1.46e+15    1.00e+00 9.85e-01 9.96e-01 9.94e-01    1.17e+21 8.76e+20 1.55e+20 2.20e+21    1.56e+00
  1.2945e-02     8.92e+14 5.26e+14 4.30e+13 1.46e+15    1.00e+00 9.79e-01 9.85e-01 9.92e-01    8.86e+20 8.59e+20 1.34e+20 1.88e+21    1.56e+00
  1.4108e-02     8.92e+14 5.14e+14 4.32e+13 1.45e+15    1.00e+00 9.58e-01 9.91e-01 9.84e-01    6.58e+20 8.39e+20 1.14e+20 1.61e+21    1.54e+00
  1.5375e-02     8.92e+14 5.08e+14 4.29e+13 1.44e+15    9.99e-01 9.47e-01 9.85e-01 9.80e-01    4.88e+20 8.20e+20 9.74e+19 1.41e+21    1.54e+00
  1.6756e-02     8.92e+14 4.99e+14 4.26e+13 1.43e+15    9.99e-01 9.30e-01 9.76e-01 9.73e-01    3.60e+20 7.97e+20 8.20e+19 1.24e+21    1.53e+00
  1.8262e-02     8.91e+14 4.90e+14 4.25e+13 1.42e+15    9.99e-01 9.13e-01 9.74e-01 9.67e-01    2.60e+20 7.74e+20 6.85e+19 1.10e+21    1.52e+00
  1.9902e-02     8.91e+14 4.78e+14 4.25e+13 1.41e+15    9.99e-01 8.90e-01 9.75e-01 9.58e-01    1.86e+20 7.49e+20 5.67e+19 9.92e+20    1.51e+00
  2.1691e-02     8.90e+14 4.68e+14 4.21e+13 1.40e+15    9.97e-01 8.72e-01 9.66e-01 9.50e-01    1.31e+20 7.19e+20 4.64e+19 8.97e+20    1.50e+00
  2.3639e-02     8.90e+14 4.52e+14 4.18e+13 1.38e+15    9.97e-01 8.43e-01 9.58e-01 9.40e-01    9.14e+19 6.88e+20 3.76e+19 8.17e+20    1.48e+00
  2.5763e-02     8.89e+14 4.38e+14 4.09e+13 1.37e+15    9.96e-01 8.15e-01 9.37e-01 9.29e-01    6.25e+19 6.56e+20 2.93e+19 7.48e+20    1.47e+00
  2.8078e-02     8.88e+14 4.21e+14 4.06e+13 1.35e+15    9.95e-01 7.84e-01 9.31e-01 9.16e-01    4.20e+19 6.18e+20 2.38e+19 6.84e+20    1.45e+00
  3.0600e-02     8.86e+14 4.02e+14 3.98e+13 1.33e+15    9.93e-01 7.48e-01 9.12e-01 9.01e-01    2.77e+19 5.77e+20 1.85e+19 6.24e+20    1.43e+00
  3.3349e-02     8.82e+14 3.81e+14 3.85e+13 1.30e+15    9.89e-01 7.10e-01 8.83e-01 8.84e-01    1.78e+19 5.34e+20 1.41e+19 5.66e+20    1.41e+00
  3.6345e-02     8.78e+14 3.56e+14 3.70e+13 1.27e+15    9.84e-01 6.63e-01 8.48e-01 8.63e-01    1.11e+19 4.85e+20 1.05e+19 5.06e+20    1.39e+00
  3.9611e-02     8.64e+14 3.29e+14 3.48e+13 1.23e+15    9.69e-01 6.13e-01 7.97e-01 8.34e-01    6.64e+18 4.31e+20 7.60e+18 4.46e+20    1.36e+00
  4.3169e-02     8.36e+14 3.00e+14 3.14e+13 1.17e+15    9.37e-01 5.59e-01 7.21e-01 7.93e-01    3.86e+18 3.71e+20 5.25e+18 3.80e+20    1.34e+00
  4.7048e-02     7.41e+14 2.66e+14 2.61e+13 1.03e+15    8.30e-01 4.95e-01 5.98e-01 7.01e-01    2.06e+18 2.99e+20 3.38e+18 3.05e+20    1.32e+00
  5.1275e-02     2.14e+14 2.30e+14 1.69e+13 4.61e+14    2.40e-01 4.29e-01 3.87e-01 3.13e-01    9.39e+17 2.10e+20 1.87e+18 2.13e+20    1.98e+00
  5.5881e-02     5.34e+13 1.95e+14 1.02e+13 2.58e+14    5.98e-02 3.62e-01 2.33e-01 1.75e-01    8.46e+16 2.95e+19 2.05e+17 2.98e+19    3.99e+00
  6.0902e-02     1.79e+13 1.58e+14 6.02e+12 1.82e+14    2.01e-02 2.94e-01 1.38e-01 1.23e-01    0.00e+00 0.00e+00 0.00e+00 0.00e+00    7.73e+00
  6.6373e-02     6.62e+12 1.21e+14 3.43e+12 1.31e+14    7.42e-03 2.26e-01 7.87e-02 8.92e-02    0.00e+00 0.00e+00 0.00e+00 0.00e+00    1.22e+01
  7.2336e-02     2.47e+12 8.68e+13 1.85e+12 9.11e+13    2.77e-03 1.62e-01 4.25e-02 6.19e-02    0.00e+00 0.00e+00 0.00e+00 0.00e+00    1.90e+01
  7.8835e-02     8.79e+11 5.61e+13 9.22e+11 5.79e+13    9.86e-04 1.04e-01 2.11e-02 3.93e-02    0.00e+00 0.00e+00 0.00e+00 0.00e+00    2.78e+01
  8.5918e-02     2.74e+11 3.03e+13 4.02e+11 3.09e+13    3.07e-04 5.64e-02 9.23e-03 2.10e-02    0.00e+00 0.00e+00 0.00e+00 0.00e+00    3.84e+01
  9.3637e-02     6.18e+10 1.13e+13 1.12e+11 1.15e+13    6.93e-05 2.11e-02 2.56e-03 7.82e-03    0.00e+00 0.00e+00 0.00e+00 0.00e+00    5.13e+01
  1.0205e-01     3.90e+09 1.13e+12 8.60e+09 1.14e+12    4.37e-06 2.10e-03 1.97e-04 7.74e-04    0.00e+00 0.00e+00 0.00e+00 0.00e+00    6.51e+01
  1.1122e-01     0.00e+00 0.00e+00 0.00e+00 0.00e+00    0.00e+00 0.00e+00 0.00e+00 0.00e+00    0.00e+00 0.00e+00 0.00e+00 0.00e+00    6.51e+01
  1.2121e-01     0.00e+00 0.00e+00 0.00e+00 0.00e+00    0.00e+00 0.00e+00 0.00e+00 0.00e+00    0.00e+00 0.00e+00 0.00e+00 0.00e+00    6.51e+01
  1.3210e-01     0.00e+00 0.00e+00 0.00e+00 0.00e+00    0.00e+00 0.00e+00 0.00e+00 0.00e+00    0.00e+00 0.00e+00 0.00e+00 0.00e+00    6.51e+01
  1.4397e-01     0.00e+00 0.00e+00 0.00e+00 0.00e+00    0.00e+00 0.00e+00 0.00e+00 0.00e+00    0.00e+00 0.00e+00 0.00e+00 0.00e+00    6.51e+01
  1.5690e-01     0.00e+00 0.00e+00 0.00e+00 0.00e+00    0.00e+00 0.00e+00 0.00e+00 0.00e+00    0.00e+00 0.00e+00 0.00e+00 0.00e+00    6.51e+01
  1.7100e-01     0.00e+00 0.00e+00 0.00e+00 0.00e+00    0.00e+00 0.00e+00 0.00e+00 0.00e+00    0.00e+00 0.00e+00 0.00e+00 0.00e+00    6.51e+01
  1.8636e-01     0.00e+00 0.00e+00 0.00e+00 0.00e+00    0.00e+00 0.00e+00 0.00e+00 0.00e+00    0.00e+00 0.00e+00 0.00e+00 0.00e+00    6.51e+01
  2.0310e-01     0.00e+00 0.00e+00 0.00e+00 0.00e+00    0.00e+00 0.00e+00 0.00e+00 0.00e+00    0.00e+00 0.00e+00 0.00e+00 0.00e+00    6.51e+01
  2.2135e-01     0.00e+00 0.00e+00 0.00e+00 0.00e+00    0.00e+00 0.00e+00 0.00e+00 0.00e+00    0.00e+00 0.00e+00 0.00e+00 0.00e+00    6.51e+01
  2.4124e-01     0.00e+00 0.00e+00 0.00e+00 0.00e+00    0.00e+00 0.00e+00 0.00e+00 0.00e+00    0.00e+00 0.00e+00 0.00e+00 0.00e+00    6.51e+01
  2.6291e-01     0.00e+00 0.00e+00 0.00e+00 0.00e+00    0.00e+00 0.00e+00 0.00e+00 0.00e+00    0.00e+00 0.00e+00 0.00e+00 0.00e+00    6.51e+01
  2.8653e-01     0.00e+00 0.00e+00 0.00e+00 0.00e+00    0.00e+00 0.00e+00 0.00e+00 0.00e+00    0.00e+00 0.00e+00 0.00e+00 0.00e+00    6.51e+01
  3.1227e-01     0.00e+00 0.00e+00 0.00e+00 0.00e+00    0.00e+00 0.00e+00 0.00e+00 0.00e+00    0.00e+00 0.00e+00 0.00e+00 0.00e+00    6.51e+01
  3.4033e-01     0.00e+00 0.00e+00 0.00e+00 0.00e+00    0.00e+00 0.00e+00 0.00e+00 0.00e+00    0.00e+00 0.00e+00 0.00e+00 0.00e+00    6.51e+01
  3.7090e-01     0.00e+00 0.00e+00 0.00e+00 0.00e+00    0.00e+00 0.00e+00 0.00e+00 0.00e+00    0.00e+00 0.00e+00 0.00e+00 0.00e+00    6.51e+01
  4.0423e-01     0.00e+00 0.00e+00 0.00e+00 0.00e+00    0.00e+00 0.00e+00 0.00e+00 0.00e+00    0.00e+00 0.00e+00 0.00e+00 0.00e+00    6.51e+01
  4.4054e-01     0.00e+00 0.00e+00 0.00e+00 0.00e+00    0.00e+00 0.00e+00 0.00e+00 0.00e+00    0.00e+00 0.00e+00 0.00e+00 0.00e+00    6.51e+01
  4.8012e-01     0.00e+00 0.00e+00 0.00e+00 0.00e+00    0.00e+00 0.00e+00 0.00e+00 0.00e+00    0.00e+00 0.00e+00 0.00e+00 0.00e+00    6.51e+01
  5.2325e-01     0.00e+00 0.00e+00 0.00e+00 0.00e+00    0.00e+00 0.00e+00 0.00e+00 0.00e+00    0.00e+00 0.00e+00 0.00e+00 0.00e+00    6.51e+01
  5.7026e-01     0.00e+00 0.00e+00 0.00e+00 0.00e+00    0.00e+00 0.00e+00 0.00e+00 0.00e+00    0.00e+00 0.00e+00 0.00e+00 0.00e+00    6.51e+01
  6.2150e-01     0.00e+00 0.00e+00 0.00e+00 0.00e+00    0.00e+00 0.00e+00 0.00e+00 0.00e+00    0.00e+00 0.00e+00 0.00e+00 0.00e+00    6.51e+01
  6.7733e-01     0.00e+00 0.00e+00 0.00e+00 0.00e+00    0.00e+00 0.00e+00 0.00e+00 0.00e+00    0.00e+00 0.00e+00 0.00e+00 0.00e+00    6.51e+01
  7.3819e-01     0.00e+00 0.00e+00 0.00e+00 0.00e+00    0.00e+00 0.00e+00 0.00e+00 0.00e+00    0.00e+00 0.00e+00 0.00e+00 0.00e+00    6.51e+01
  8.0451e-01     0.00e+00 0.00e+00 0.00e+00 0.00e+00    0.00e+00 0.00e+00 0.00e+00 0.00e+00    0.00e+00 0.00e+00 0.00e+00 0.00e+00    6.51e+01
  8.7679e-01     0.00e+00 0.00e+00 0.00e+00 0.00e+00    0.00e+00 0.00e+00 0.00e+00 0.00e+00    0.00e+00 0.00e+00 0.00e+00 0.00e+00    6.51e+01
  9.5556e-01     0.00e+00 0.00e+00 0.00e+00 0.00e+00    0.00e+00 0.00e+00 0.00e+00 0.00e+00    0.00e+00 0.00e+00 0.00e+00 0.00e+00    6.51e+01
  1.0414e+00     0.00e+00 0.00e+00 0.00e+00 0.00e+00    0.00e+00 0.00e+00 0.00e+00 0.00e+00    0.00e+00 0.00e+00 0.00e+00 0.00e+00    6.51e+01
  1.1350e+00     0.00e+00 0.00e+00 0.00e+00 0.00e+00    0.00e+00 0.00e+00 0.00e+00 0.00e+00    0.00e+00 0.00e+00 0.00e+00 0.00e+00    6.51e+01
  1.2369e+00     0.00e+00 0.00e+00 0.00e+00 0.00e+00    0.00e+00 0.00e+00 0.00e+00 0.00e+00    0.00e+00 0.00e+00 0.00e+00 0.00e+00    6.51e+01
  1.3481e+00     0.00e+00 0.00e+00 0.00e+00 0.00e+00    0.00e+00 0.00e+00 0.00e+00 0.00e+00    0.00e+00 0.00e+00 0.00e+00 0.00e+00    6.51e+01
  1.4692e+00     0.00e+00 0.00e+00 0.00e+00 0.00e+00    0.00e+00 0.00e+00 0.00e+00 0.00e+00    0.00e+00 0.00e+00 0.00e+00 0.00e+00    6.51e+01
  1.6012e+00     0.00e+00 0.00e+00 0.00e+00 0.00e+00    0.00e+00 0.00e+00 0.00e+00 0.00e+00    0.00e+00 0.00e+00 0.00e+00 0.00e+00    6.51e+01
  1.7450e+00     0.00e+00 0.00e+00 0.00e+00 0.00e+00    0.00e+00 0.00e+00 0.00e+00 0.00e+00    0.00e+00 0.00e+00 0.00e+00 0.00e+00    6.51e+01
  1.9018e+00     0.00e+00 0.00e+00 0.00e+00 0.00e+00    0.00e+00 0.00e+00 0.00e+00 0.00e+00    0.00e+00 0.00e+00 0.00e+00 0.00e+00    6.51e+01
  2.0727e+00     0.00e+00 0.00e+00 0.00e+00 0.00e+00    0.00e+00 0.00e+00 0.00e+00 0.00e+00    0.00e+00 0.00e+00 0.00e+00 0.00e+00    6.51e+01
  2.2589e+00     0.00e+00 0.00e+00 0.00e+00 0.00e+00    0.00e+00 0.00e+00 0.00e+00 0.00e+00    0.00e+00 0.00e+00 0.00e+00 0.00e+00    6.51e+01
  2.4618e+00     0.00e+00 0.00e+00 0.00e+00 0.00e+00    0.00e+00 0.00e+00 0.00e+00 0.00e+00    0.00e+00 0.00e+00 0.00e+00 0.00e+00    6.51e+01
  2.6830e+00     0.00e+00 0.00e+00 0.00e+00 0.00e+00    0.00e+00 0.00e+00 0.00e+00 0.00e+00    0.00e+00 0.00e+00 0.00e+00 0.00e+00    6.51e+01
  2.9240e+00     0.00e+00 0.00e+00 0.00e+00 0.00e+00    0.00e+00 0.00e+00 0.00e+00 0.00e+00    0.00e+00 0.00e+00 0.00e+00 0.00e+00    6.51e+01
  3.1867e+00     0.00e+00 0.00e+00 0.00e+00 0.00e+00    0.00e+00 0.00e+00 0.00e+00 0.00e+00    0.00e+00 0.00e+00 0.00e+00 0.00e+00    6.51e+01
  3.4730e+00     0.00e+00 0.00e+00 0.00e+00 0.00e+00    0.00e+00 0.00e+00 0.00e+00 0.00e+00    0.00e+00 0.00e+00 0.00e+00 0.00e+00    6.51e+01
  3.7850e+00     0.00e+00 0.00e+00 0.00e+00 0.00e+00    0.00e+00 0.00e+00 0.00e+00 0.00e+00    0.00e+00 0.00e+00 0.00e+00 0.00e+00    6.51e+01
  4.1251e+00     0.00e+00 0.00e+00 0.00e+00 0.00e+00    0.00e+00 0.00e+00 0.00e+00 0.00e+00    0.00e+00 0.00e+00 0.00e+00 0.00e+00    6.51e+01
  4.4957e+00     0.00e+00 0.00e+00 0.00e+00 0.00e+00    0.00e+00 0.00e+00 0.00e+00 0.00e+00    0.00e+00 0.00e+00 0.00e+00 0.00e+00    6.51e+01
  4.8996e+00     0.00e+00 0.00e+00 0.00e+00 0.00e+00    0.00e+00 0.00e+00 0.00e+00 0.00e+00    0.00e+00 0.00e+00 0.00e+00 0.00e+00    6.51e+01
  5.3398e+00     0.00e+00 0.00e+00 0.00e+00 0.00e+00    0.00e+00 0.00e+00 0.00e+00 0.00e+00    0.00e+00 0.00e+00 0.00e+00 0.00e+00    6.51e+01
  5.8195e+00     0.00e+00 0.00e+00 0.00e+00 0.00e+00    0.00e+00 0.00e+00 0.00e+00 0.00e+00    0.00e+00 0.00e+00 0.00e+00 0.00e+00    6.51e+01
  6.3423e+00     0.00e+00 0.00e+00 0.00e+00 0.00e+00    0.00e+00 0.00e+00 0.00e+00 0.00e+00    0.00e+00 0.00e+00 0.00e+00 0.00e+00    6.51e+01
  6.9122e+00     0.00e+00 0.00e+00 0.00e+00 0.00e+00    0.00e+00 0.00e+00 0.00e+00 0.00e+00    0.00e+00 0.00e+00 0.00e+00 0.00e+00    6.51e+01
  7.5332e+00     0.00e+00 0.00e+00 0.00e+00 0.00e+00    0.00e+00 0.00e+00 0.00e+00 0.00e+00    0.00e+00 0.00e+00 0.00e+00 0.00e+00    6.51e+01
  8.2099e+00     0.00e+00 0.00e+00 0.00e+00 0.00e+00    0.00e+00 0.00e+00 0.00e+00 0.00e+00    0.00e+00 0.00e+00 0.00e+00 0.00e+00    6.51e+01
  8.9475e+00     0.00e+00 0.00e+00 0.00e+00 0.00e+00    0.00e+00 0.00e+00 0.00e+00 0.00e+00    0.00e+00 0.00e+00 0.00e+00 0.00e+00    6.51e+01
  9.7514e+00     0.00e+00 0.00e+00 0.00e+00 0.00e+00    0.00e+00 0.00e+00 0.00e+00 0.00e+00    0.00e+00 0.00e+00 0.00e+00 0.00e+00    6.51e+01
  1.0627e+01     0.00e+00 0.00e+00 0.00e+00 0.00e+00    0.00e+00 0.00e+00 0.00e+00 0.00e+00    0.00e+00 0.00e+00 0.00e+00 0.00e+00    6.51e+01
  1.1582e+01     0.00e+00 0.00e+00 0.00e+00 0.00e+00    0.00e+00 0.00e+00 0.00e+00 0.00e+00    0.00e+00 0.00e+00 0.00e+00 0.00e+00    6.51e+01
  1.2623e+01     0.00e+00 0.00e+00 0.00e+00 0.00e+00    0.00e+00 0.00e+00 0.00e+00 0.00e+00    0.00e+00 0.00e+00 0.00e+00 0.00e+00    6.51e+01
  1.3757e+01     0.00e+00 0.00e+00 0.00e+00 0.00e+00    0.00e+00 0.00e+00 0.00e+00 0.00e+00    0.00e+00 0.00e+00 0.00e+00 0.00e+00    6.51e+01
  1.4993e+01     0.00e+00 0.00e+00 0.00e+00 0.00e+00    0.00e+00 0.00e+00 0.00e+00 0.00e+00    0.00e+00 0.00e+00 0.00e+00 0.00e+00    6.51e+01
  1.6340e+01     0.00e+00 0.00e+00 0.00e+00 0.00e+00    0.00e+00 0.00e+00 0.00e+00 0.00e+00    0.00e+00 0.00e+00 0.00e+00 0.00e+00    6.51e+01
  1.7808e+01     0.00e+00 0.00e+00 0.00e+00 0.00e+00    0.00e+00 0.00e+00 0.00e+00 0.00e+00    0.00e+00 0.00e+00 0.00e+00 0.00e+00    6.51e+01
  1.9408e+01     0.00e+00 0.00e+00 0.00e+00 0.00e+00    0.00e+00 0.00e+00 0.00e+00 0.00e+00    0.00e+00 0.00e+00 0.00e+00 0.00e+00    6.51e+01
  2.1151e+01     0.00e+00 0.00e+00 0.00e+00 0.00e+00    0.00e+00 0.00e+00 0.00e+00 0.00e+00    0.00e+00 0.00e+00 0.00e+00 0.00e+00    6.51e+01
  2.3052e+01     0.00e+00 0.00e+00 0.00e+00 0.00e+00    0.00e+00 0.00e+00 0.00e+00 0.00e+00    0.00e+00 0.00e+00 0.00e+00 0.00e+00    6.51e+01
  2.5123e+01     0.00e+00 0.00e+00 0.00e+00 0.00e+00    0.00e+00 0.00e+00 0.00e+00 0.00e+00    0.00e+00 0.00e+00 0.00e+00 0.00e+00    6.51e+01
  2.7380e+01     0.00e+00 0.00e+00 0.00e+00 0.00e+00    0.00e+00 0.00e+00 0.00e+00 0.00e+00    0.00e+00 0.00e+00 0.00e+00 0.00e+00    6.51e+01
  2.9839e+01     0.00e+00 0.00e+00 0.00e+00 0.00e+00    0.00e+00 0.00e+00 0.00e+00 0.00e+00    0.00e+00 0.00e+00 0.00e+00 0.00e+00    6.51e+01
  3.2520e+01     0.00e+00 0.00e+00 0.00e+00 0.00e+00    0.00e+00 0.00e+00 0.00e+00 0.00e+00    0.00e+00 0.00e+00 0.00e+00 0.00e+00    6.51e+01
  3.5442e+01     0.00e+00 0.00e+00 0.00e+00 0.00e+00    0.00e+00 0.00e+00 0.00e+00 0.00e+00    0.00e+00 0.00e+00 0.00e+00 0.00e+00    6.51e+01
  3.8626e+01     0.00e+00 0.00e+00 0.00e+00 0.00e+00    0.00e+00 0.00e+00 0.00e+00 0.00e+00    0.00e+00 0.00e+00 0.00e+00 0.00e+00    6.51e+01
  4.2096e+01     0.00e+00 0.00e+00 0.00e+00 0.00e+00    0.00e+00 0.00e+00 0.00e+00 0.00e+00    0.00e+00 0.00e+00 0.00e+00 0.00e+00    6.51e+01
  4.5878e+01     0.00e+00 0.00e+00 0.00e+00 0.00e+00    0.00e+00 0.00e+00 0.00e+00 0.00e+00    0.00e+00 0.00e+00 0.00e+00 0.00e+00    6.51e+01
  5.0000e+01     0.00e+00 0.00e+00 0.00e+00 0.00e+00    0.00e+00 0.00e+00 0.00e+00 0.00e+00    0.00e+00 0.00e+00 0.00e+00 0.00e+00    6.51e+01
#   ... processing Perseus_A426_z1_CLUSTER ...
# x= #theta [deg]
# y= J(#theta) [GeV^{2} cm^{-5}]
#      x                  y[sm|cl|cp|tot]                     y/y_norm[sm|cl|cp|tot]              y/dOmega[sm|cl|cp|tot]       Boost
  1.0000e-02     6.94e+14 2.04e+14 3.43e+13 9.33e+14    1.00e+00 1.00e+00 1.00e+00 1.00e+00    1.30e+21 1.44e+21 3.18e+20 3.06e+21    1.27e+00
  1.0898e-02     6.94e+14 2.05e+14 3.45e+13 9.34e+14    1.00e+00 1.01e+00 1.00e+00 1.00e+00    9.37e+20 1.39e+21 2.64e+20 2.60e+21    1.28e+00
  1.1878e-02     6.94e+14 2.05e+14 3.45e+13 9.33e+14    1.00e+00 1.00e+00 1.01e+00 1.00e+00    6.66e+20 1.34e+21 2.18e+20 2.23e+21    1.28e+00
  1.2945e-02     6.94e+14 2.04e+14 3.45e+13 9.33e+14    1.00e+00 9.98e-01 1.01e+00 1.00e+00    4.66e+20 1.29e+21 1.77e+20 1.93e+21    1.27e+00
  1.4108e-02     6.94e+14 2.04e+14 3.45e+13 9.33e+14    1.00e+00 1.00e+00 1.00e+00 1.00e+00    3.22e+20 1.23e+21 1.41e+20 1.70e+21    1.27e+00
  1.5375e-02     6.94e+14 2.04e+14 3.43e+13 9.33e+14    1.00e+00 1.00e+00 9.98e-01 1.00e+00    2.19e+20 1.17e+21 1.12e+20 1.50e+21    1.27e+00
  1.6756e-02     6.94e+14 2.05e+14 3.21e+13 9.31e+14    1.00e+00 1.00e+00 9.36e-01 9.98e-01    1.46e+20 1.10e+21 8.92e+19 1.33e+21    1.27e+00
  1.8262e-02     6.94e+14 2.04e+14 3.39e+13 9.32e+14    1.00e+00 9.99e-01 9.87e-01 9.99e-01    9.47e+19 1.02e+21 6.86e+19 1.18e+21    1.27e+00
  1.9902e-02     6.94e+14 2.02e+14 3.43e+13 9.31e+14    1.00e+00 9.90e-01 1.00e+00 9.98e-01    6.02e+19 9.35e+20 5.18e+19 1.05e+21    1.27e+00
  2.1691e-02     6.94e+14 1.99e+14 3.44e+13 9.28e+14    1.00e+00 9.75e-01 1.00e+00 9.94e-01    3.71e+19 8.41e+20 3.81e+19 9.16e+20    1.27e+00
  2.3639e-02     7.30e+14 1.94e+14 3.44e+13 9.59e+14    1.05e+00 9.53e-01 1.00e+00 1.03e+00    2.19e+19 7.39e+20 2.70e+19 7.88e+20    1.31e+00
  2.5763e-02     6.94e+14 1.91e+14 3.39e+13 9.19e+14    1.00e+00 9.37e-01 9.88e-01 9.86e-01    1.22e+19 6.20e+20 1.82e+19 6.50e+20    1.26e+00
  2.8078e-02     6.94e+14 1.87e+14 3.40e+13 9.15e+14    1.00e+00 9.17e-01 9.92e-01 9.81e-01    6.16e+18 4.75e+20 1.11e+19 4.92e+20    1.25e+00
  3.0600e-02     6.94e+14 1.80e+14 3.38e+13 9.08e+14    9.99e-01 8.84e-01 9.84e-01 9.73e-01    2.33e+18 2.78e+20 5.08e+18 2.86e+20    1.24e+00
  3.3349e-02     6.93e+14 1.71e+14 3.38e+13 8.98e+14    9.98e-01 8.38e-01 9.85e-01 9.62e-01    0.00e+00 0.00e+00 0.00e+00 0.00e+00    1.23e+00
  3.6345e-02     6.92e+14 1.59e+14 3.21e+13 8.82e+14    9.96e-01 7.77e-01 9.36e-01 9.46e-01    0.00e+00 0.00e+00 0.00e+00 0.00e+00    1.22e+00
  3.9611e-02     6.89e+14 1.43e+14 3.11e+13 8.63e+14    9.92e-01 7.02e-01 9.05e-01 9.25e-01    0.00e+00 0.00e+00 0.00e+00 0.00e+00    1.20e+00
  4.3169e-02     6.81e+14 1.26e+14 2.88e+13 8.35e+14    9.80e-01 6.18e-01 8.38e-01 8.96e-01    0.00e+00 0.00e+00 0.00e+00 0.00e+00    1.18e+00
  4.7048e-02     6.35e+14 1.06e+14 2.36e+13 7.64e+14    9.14e-01 5.19e-01 6.88e-01 8.19e-01    0.00e+00 0.00e+00 0.00e+00 0.00e+00    1.16e+00
  5.1275e-02     1.20e+14 8.56e+13 1.23e+13 2.18e+14    1.73e-01 4.19e-01 3.59e-01 2.34e-01    0.00e+00 0.00e+00 0.00e+00 0.00e+00    1.63e+00
  5.5881e-02     1.69e+13 6.15e+13 5.42e+12 8.38e+13    2.43e-02 3.01e-01 1.58e-01 8.98e-02    0.00e+00 0.00e+00 0.00e+00 0.00e+00    3.85e+00
  6.0902e-02     3.59e+12 3.99e+13 2.27e+12 4.57e+13    5.18e-03 1.95e-01 6.61e-02 4.90e-02    0.00e+00 0.00e+00 0.00e+00 0.00e+00    7.19e+00
  6.6373e-02     7.94e+11 2.18e+13 8.27e+11 2.34e+13    1.14e-03 1.07e-01 2.41e-02 2.51e-02    0.00e+00 0.00e+00 0.00e+00 0.00e+00    1.24e+01
  7.2336e-02     1.39e+11 8.26e+12 2.17e+11 8.61e+12    2.00e-04 4.05e-02 6.32e-03 9.23e-03    0.00e+00 0.00e+00 0.00e+00 0.00e+00    1.93e+01
  7.8835e-02     7.75e+09 8.94e+11 1.65e+10 9.18e+11    1.12e-05 4.38e-03 4.81e-04 9.84e-04    0.00e+00 0.00e+00 0.00e+00 0.00e+00    2.75e+01
  8.5918e-02     0.00e+00 0.00e+00 0.00e+00 0.00e+00    0.00e+00 0.00e+00 0.00e+00 0.00e+00    0.00e+00 0.00e+00 0.00e+00 0.00e+00    2.75e+01
  9.3637e-02     0.00e+00 0.00e+00 0.00e+00 0.00e+00    0.00e+00 0.00e+00 0.00e+00 0.00e+00    0.00e+00 0.00e+00 0.00e+00 0.00e+00    2.75e+01
  1.0205e-01     0.00e+00 0.00e+00 0.00e+00 0.00e+00    0.00e+00 0.00e+00 0.00e+00 0.00e+00    0.00e+00 0.00e+00 0.00e+00 0.00e+00    2.75e+01
  1.1122e-01     0.00e+00 0.00e+00 0.00e+00 0.00e+00    0.00e+00 0.00e+00 0.00e+00 0.00e+00    0.00e+00 0.00e+00 0.00e+00 0.00e+00    2.75e+01
  1.2121e-01     0.00e+00 0.00e+00 0.00e+00 0.00e+00    0.00e+00 0.00e+00 0.00e+00 0.00e+00    0.00e+00 0.00e+00 0.00e+00 0.00e+00    2.75e+01
  1.3210e-01     0.00e+00 0.00e+00 0.00e+00 0.00e+00    0.00e+00 0.00e+00 0.00e+00 0.00e+00    0.00e+00 0.00e+00 0.00e+00 0.00e+00    2.75e+01
  1.4397e-01     0.00e+00 0.00e+00 0.00e+00 0.00e+00    0.00e+00 0.00e+00 0.00e+00 0.00e+00    0.00e+00 0.00e+00 0.00e+00 0.00e+00    2.75e+01
  1.5690e-01     0.00e+00 0.00e+00 0.00e+00 0.00e+00    0.00e+00 0.00e+00 0.00e+00 0.00e+00    0.00e+00 0.00e+00 0.00e+00 0.00e+00    2.75e+01
  1.7100e-01     0.00e+00 0.00e+00 0.00e+00 0.00e+00    0.00e+00 0.00e+00 0.00e+00 0.00e+00    0.00e+00 0.00e+00 0.00e+00 0.00e+00    2.75e+01
  1.8636e-01     0.00e+00 0.00e+00 0.00e+00 0.00e+00    0.00e+00 0.00e+00 0.00e+00 0.00e+00    0.00e+00 0.00e+00 0.00e+00 0.00e+00    2.75e+01
  2.0310e-01     0.00e+00 0.00e+00 0.00e+00 0.00e+00    0.00e+00 0.00e+00 0.00e+00 0.00e+00    0.00e+00 0.00e+00 0.00e+00 0.00e+00    2.75e+01
  2.2135e-01     0.00e+00 0.00e+00 0.00e+00 0.00e+00    0.00e+00 0.00e+00 0.00e+00 0.00e+00    0.00e+00 0.00e+00 0.00e+00 0.00e+00    2.75e+01
  2.4124e-01     0.00e+00 0.00e+00 0.00e+00 0.00e+00    0.00e+00 0.00e+00 0.00e+00 0.00e+00    0.00e+00 0.00e+00 0.00e+00 0.00e+00    2.75e+01
  2.6291e-01     0.00e+00 0.00e+00 0.00e+00 0.00e+00    0.00e+00 0.00e+00 0.00e+00 0.00e+00    0.00e+00 0.00e+00 0.00e+00 0.00e+00    2.75e+01
  2.8653e-01     0.00e+00 0.00e+00 0.00e+00 0.00e+00    0.00e+00 0.00e+00 0.00e+00 0.00e+00    0.00e+00 0.00e+00 0.00e+00 0.00e+00    2.75e+01
  3.1227e-01     0.00e+00 0.00e+00 0.00e+00 0.00e+00    0.00e+00 0.00e+00 0.00e+00 0.00e+00    0.00e+00 0.00e+00 0.00e+00 0.00e+00    2.75e+01
  3.4033e-01     0.00e+00 0.00e+00 0.00e+00 0.00e+00    0.00e+00 0.00e+00 0.00e+00 0.00e+00    0.00e+00 0.00e+00 0.00e+00 0.00e+00    2.75e+01
  3.7090e-01     0.00e+00 0.00e+00 0.00e+00 0.00e+00    0.00e+00 0.00e+00 0.00e+00 0.00e+00    0.00e+00 0.00e+00 0.00e+00 0.00e+00    2.75e+01
  4.0423e-01     0.00e+00 0.00e+00 0.00e+00 0.00e+00    0.00e+00 0.00e+00 0.00e+00 0.00e+00    0.00e+00 0.00e+00 0.00e+00 0.00e+00    2.75e+01
  4.4054e-01     0.00e+00 0.00e+00 0.00e+00 0.00e+00    0.00e+00 0.00e+00 0.00e+00 0.00e+00    0.00e+00 0.00e+00 0.00e+00 0.00e+00    2.75e+01
  4.8012e-01     0.00e+00 0.00e+00 0.00e+00 0.00e+00    0.00e+00 0.00e+00 0.00e+00 0.00e+00    0.00e+00 0.00e+00 0.00e+00 0.00e+00    2.75e+01
  5.2325e-01     0.00e+00 0.00e+00 0.00e+00 0.00e+00    0.00e+00 0.00e+00 0.00e+00 0.00e+00    0.00e+00 0.00e+00 0.00e+00 0.00e+00    2.75e+01
  5.7026e-01     0.00e+00 0.00e+00 0.00e+00 0.00e+00    0.00e+00 0.00e+00 0.00e+00 0.00e+00    0.00e+00 0.00e+00 0.00e+00 0.00e+00    2.75e+01
  6.2150e-01     0.00e+00 0.00e+00 0.00e+00 0.00e+00    0.00e+00 0.00e+00 0.00e+00 0.00e+00    0.00e+00 0.00e+00 0.00e+00 0.00e+00    2.75e+01
  6.7733e-01     0.00e+00 0.00e+00 0.00e+00 0.00e+00    0.00e+00 0.00e+00 0.00e+00 0.00e+00    0.00e+00 0.00e+00 0.00e+00 0.00e+00    2.75e+01
  7.3819e-01     0.00e+00 0.00e+00 0.00e+00 0.00e+00    0.00e+00 0.00e+00 0.00e+00 0.00e+00    0.00e+00 0.00e+00 0.00e+00 0.00e+00    2.75e+01
  8.0451e-01     0.00e+00 0.00e+00 0.00e+00 0.00e+00    0.00e+00 0.00e+00 0.00e+00 0.00e+00    0.00e+00 0.00e+00 0.00e+00 0.00e+00    2.75e+01
  8.7679e-01     0.00e+00 0.00e+00 0.00e+00 0.00e+00    0.00e+00 0.00e+00 0.00e+00 0.00e+00    0.00e+00 0.00e+00 0.00e+00 0.00e+00    2.75e+01
  9.5556e-01     0.00e+00 0.00e+00 0.00e+00 0.00e+00    0.00e+00 0.00e+00 0.00e+00 0.00e+00    0.00e+00 0.00e+00 0.00e+00 0.00e+00    2.75e+01
  1.0414e+00     0.00e+00 0.00e+00 0.00e+00 0.00e+00    0.00e+00 0.00e+00 0.00e+00 0.00e+00    0.00e+00 0.00e+00 0.00e+00 0.00e+00    2.75e+01
  1.1350e+00     0.00e+00 0.00e+00 0.00e+00 0.00e+00    0.00e+00 0.00e+00 0.00e+00 0.00e+00    0.00e+00 0.00e+00 0.00e+00 0.00e+00    2.75e+01
  1.2369e+00     0.00e+00 0.00e+00 0.00e+00 0.00e+00    0.00e+00 0.00e+00 0.00e+00 0.00e+00    0.00e+00 0.00e+00 0.00e+00 0.00e+00    2.75e+01
  1.3481e+00     0.00e+00 0.00e+00 0.00e+00 0.00e+00    0.00e+00 0.00e+00 0.00e+00 0.00e+00    0.00e+00 0.00e+00 0.00e+00 0.00e+00    2.75e+01
  1.4692e+00     0.00e+00 0.00e+00 0.00e+00 0.00e+00    0.00e+00 0.00e+00 0.00e+00 0.00e+00    0.00e+00 0.00e+00 0.00e+00 0.00e+00    2.75e+01
  1.6012e+00     0.00e+00 0.00e+00 0.00e+00 0.00e+00    0.00e+00 0.00e+00 0.00e+00 0.00e+00    0.00e+00 0.00e+00 0.00e+00 0.00e+00    2.75e+01
  1.7450e+00     0.00e+00 0.00e+00 0.00e+00 0.00e+00    0.00e+00 0.00e+00 0.00e+00 0.00e+00    0.00e+00 0.00e+00 0.00e+00 0.00e+00    2.75e+01
  1.9018e+00     0.00e+00 0.00e+00 0.00e+00 0.00e+00    0.00e+00 0.00e+00 0.00e+00 0.00e+00    0.00e+00 0.00e+00 0.00e+00 0.00e+00    2.75e+01
  2.0727e+00     0.00e+00 0.00e+00 0.00e+00 0.00e+00    0.00e+00 0.00e+00 0.00e+00 0.00e+00    0.00e+00 0.00e+00 0.00e+00 0.00e+00    2.75e+01
  2.2589e+00     0.00e+00 0.00e+00 0.00e+00 0.00e+00    0.00e+00 0.00e+00 0.00e+00 0.00e+00    0.00e+00 0.00e+00 0.00e+00 0.00e+00    2.75e+01
  2.4618e+00     0.00e+00 0.00e+00 0.00e+00 0.00e+00    0.00e+00 0.00e+00 0.00e+00 0.00e+00    0.00e+00 0.00e+00 0.00e+00 0.00e+00    2.75e+01
  2.6830e+00     0.00e+00 0.00e+00 0.00e+00 0.00e+00    0.00e+00 0.00e+00 0.00e+00 0.00e+00    0.00e+00 0.00e+00 0.00e+00 0.00e+00    2.75e+01
  2.9240e+00     0.00e+00 0.00e+00 0.00e+00 0.00e+00    0.00e+00 0.00e+00 0.00e+00 0.00e+00    0.00e+00 0.00e+00 0.00e+00 0.00e+00    2.75e+01
  3.1867e+00     0.00e+00 0.00e+00 0.00e+00 0.00e+00    0.00e+00 0.00e+00 0.00e+00 0.00e+00    0.00e+00 0.00e+00 0.00e+00 0.00e+00    2.75e+01
  3.4730e+00     0.00e+00 0.00e+00 0.00e+00 0.00e+00    0.00e+00 0.00e+00 0.00e+00 0.00e+00    0.00e+00 0.00e+00 0.00e+00 0.00e+00    2.75e+01
  3.7850e+00     0.00e+00 0.00e+00 0.00e+00 0.00e+00    0.00e+00 0.00e+00 0.00e+00 0.00e+00    0.00e+00 0.00e+00 0.00e+00 0.00e+00    2.75e+01
  4.1251e+00     0.00e+00 0.00e+00 0.00e+00 0.00e+00    0.00e+00 0.00e+00 0.00e+00 0.00e+00    0.00e+00 0.00e+00 0.00e+00 0.00e+00    2.75e+01
  4.4957e+00     0.00e+00 0.00e+00 0.00e+00 0.00e+00    0.00e+00 0.00e+00 0.00e+00 0.00e+00    0.00e+00 0.00e+00 0.00e+00 0.00e+00    2.75e+01
  4.8996e+00     0.00e+00 0.00e+00 0.00e+00 0.00e+00    0.00e+00 0.00e+00 0.00e+00 0.00e+00    0.00e+00 0.00e+00 0.00e+00 0.00e+00    2.75e+01
  5.3398e+00     0.00e+00 0.00e+00 0.00e+00 0.00e+00    0.00e+00 0.00e+00 0.00e+00 0.00e+00    0.00e+00 0.00e+00 0.00e+00 0.00e+00    2.75e+01
  5.8195e+00     0.00e+00 0.00e+00 0.00e+00 0.00e+00    0.00e+00 0.00e+00 0.00e+00 0.00e+00    0.00e+00 0.00e+00 0.00e+00 0.00e+00    2.75e+01
  6.3423e+00     0.00e+00 0.00e+00 0.00e+00 0.00e+00    0.00e+00 0.00e+00 0.00e+00 0.00e+00    0.00e+00 0.00e+00 0.00e+00 0.00e+00    2.75e+01
  6.9122e+00     0.00e+00 0.00e+00 0.00e+00 0.00e+00    0.00e+00 0.00e+00 0.00e+00 0.00e+00    0.00e+00 0.00e+00 0.00e+00 0.00e+00    2.75e+01
  7.5332e+00     0.00e+00 0.00e+00 0.00e+00 0.00e+00    0.00e+00 0.00e+00 0.00e+00 0.00e+00    0.00e+00 0.00e+00 0.00e+00 0.00e+00    2.75e+01
  8.2099e+00     0.00e+00 0.00e+00 0.00e+00 0.00e+00    0.00e+00 0.00e+00 0.00e+00 0.00e+00    0.00e+00 0.00e+00 0.00e+00 0.00e+00    2.75e+01
  8.9475e+00     0.00e+00 0.00e+00 0.00e+00 0.00e+00    0.00e+00 0.00e+00 0.00e+00 0.00e+00    0.00e+00 0.00e+00 0.00e+00 0.00e+00    2.75e+01
  9.7514e+00     0.00e+00 0.00e+00 0.00e+00 0.00e+00    0.00e+00 0.00e+00 0.00e+00 0.00e+00    0.00e+00 0.00e+00 0.00e+00 0.00e+00    2.75e+01
  1.0627e+01     0.00e+00 0.00e+00 0.00e+00 0.00e+00    0.00e+00 0.00e+00 0.00e+00 0.00e+00    0.00e+00 0.00e+00 0.00e+00 0.00e+00    2.75e+01
  1.1582e+01     0.00e+00 0.00e+00 0.00e+00 0.00e+00    0.00e+00 0.00e+00 0.00e+00 0.00e+00    0.00e+00 0.00e+00 0.00e+00 0.00e+00    2.75e+01
  1.2623e+01     0.00e+00 0.00e+00 0.00e+00 0.00e+00    0.00e+00 0.00e+00 0.00e+00 0.00e+00    0.00e+00 0.00e+00 0.00e+00 0.00e+00    2.75e+01
  1.3757e+01     0.00e+00 0.00e+00 0.00e+00 0.00e+00    0.00e+00 0.00e+00 0.00e+00 0.00e+00    0.00e+00 0.00e+00 0.00e+00 0.00e+00    2.75e+01
  1.4993e+01     0.00e+00 0.00e+00 0.00e+00 0.00e+00    0.00e+00 0.00e+00 0.00e+00 0.00e+00    0.00e+00 0.00e+00 0.00e+00 0.00e+00    2.75e+01
  1.6340e+01     0.00e+00 0.00e+00 0.00e+00 0.00e+00    0.00e+00 0.00e+00 0.00e+00 0.00e+00    0.00e+00 0.00e+00 0.00e+00 0.00e+00    2.75e+01
  1.7808e+01     0.00e+00 0.00e+00 0.00e+00 0.00e+00    0.00e+00 0.00e+00 0.00e+00 0.00e+00    0.00e+00 0.00e+00 0.00e+00 0.00e+00    2.75e+01
  1.9408e+01     0.00e+00 0.00e+00 0.00e+00 0.00e+00    0.00e+00 0.00e+00 0.00e+00 0.00e+00    0.00e+00 0.00e+00 0.00e+00 0.00e+00    2.75e+01
  2.1151e+01     0.00e+00 0.00e+00 0.00e+00 0.00e+00    0.00e+00 0.00e+00 0.00e+00 0.00e+00    0.00e+00 0.00e+00 0.00e+00 0.00e+00    2.75e+01
  2.3052e+01     0.00e+00 0.00e+00 0.00e+00 0.00e+00    0.00e+00 0.00e+00 0.00e+00 0.00e+00    0.00e+00 0.00e+00 0.00e+00 0.00e+00    2.75e+01
  2.5123e+01     0.00e+00 0.00e+00 0.00e+00 0.00e+00    0.00e+00 0.00e+00 0.00e+00 0.00e+00    0.00e+00 0.00e+00 0.00e+00 0.00e+00    2.75e+01
  2.7380e+01     0.00e+00 0.00e+00 0.00e+00 0.00e+00    0.00e+00 0.00e+00 0.00e+00 0.00e+00    0.00e+00 0.00e+00 0.00e+00 0.00e+00    2.75e+01
  2.9839e+01     0.00e+00 0.00e+00 0.00e+00 0.00e+00    0.00e+00 0.00e+00 0.00e+00 0.00e+00    0.00e+00 0.00e+00 0.00e+00 0.00e+00    2.75e+01
  3.2520e+01     0.00e+00 0.00e+00 0.00e+00 0.00e+00    0.00e+00 0.00e+00 0.00e+00 0.00e+00    0.00e+00 0.00e+00 0.00e+00 0.00e+00    2.75e+01
  3.5442e+01     0.00e+00 0.00e+00 0.00e+00 0.00e+00    0.00e+00 0.00e+00 0.00e+00 0.00e+00    0.00e+00 0.00e+00 0.00e+00 0.00e+00    2.75e+01
  3.8626e+01     0.00e+00 0.00e+00 0.00e+00 0.00e+00    0.00e+00 0.00e+00 0.00e+00 0.00e+00    0.00e+00 0.00e+00 0.00e+00 0.00e+00    2.75e+01
  4.2096e+01     0.00e+00 0.00e+00 0.00e+00 0.00e+00    0.00e+00 0.00e+00 0.00e+00 0.00e+00    0.00e+00 0.00e+00 0.00e+00 0.00e+00    2.75e+01
  4.5878e+01     0.00e+00 0.00e+00 0.00e+00 0.00e+00    0.00e+00 0.00e+00 0.00e+00 0.00e+00    0.00e+00 0.00e+00 0.00e+00 0.00e+00    2.75e+01
  5.0000e+01     0.00e+00 0.00e+00 0.00e+00 0.00e+00    0.00e+00 0.00e+00 0.00e+00 0.00e+00    0.00e+00 0.00e+00 0.00e+00 0.00e+00    2.75e+01
