#   ... processing Perseus_A426_CLUSTER ...
# #alpha_{int} [deg]	Flux [# cm^{-2} s^{-1}] (Gammas)	Flux [# cm^{-2} s^{-1}] (Neutrinos)
  3.0000e-02   9.30e-16   3.13e-16
  3.1428e-02   9.63e-16   3.24e-16
  3.2925e-02   9.97e-16   3.36e-16
  3.4493e-02   1.03e-15   3.47e-16
  3.6135e-02   1.07e-15   3.59e-16
  3.7856e-02   1.10e-15   3.72e-16
  3.9658e-02   1.14e-15   3.84e-16
  4.1547e-02   1.18e-15   3.97e-16
  4.3525e-02   1.22e-15   4.11e-16
  4.5597e-02   1.26e-15   4.24e-16
  4.7768e-02   1.30e-15   4.38e-16
  5.0043e-02   1.34e-15   4.52e-16
  5.2426e-02   1.39e-15   4.66e-16
  5.4922e-02   1.43e-15   4.81e-16
  5.7537e-02   1.47e-15   4.96e-16
  6.0277e-02   1.51e-15   5.10e-16
  6.3147e-02   1.56e-15   5.26e-16
  6.6154e-02   1.61e-15   5.41e-16
  6.9304e-02   1.66e-15   5.57e-16
  7.2604e-02   1.70e-15   5.73e-16
  7.6061e-02   1.75e-15   5.88e-16
  7.9683e-02   1.80e-15   6.05e-16
  8.3477e-02   1.85e-15   6.22e-16
  8.7452e-02   1.90e-15   6.38e-16
  9.1616e-02   1.95e-15   6.56e-16
  9.5978e-02   2.00e-15   6.73e-16
  1.0055e-01   2.05e-15   6.91e-16
  1.0534e-01   2.11e-15   7.08e-16
  1.1035e-01   2.16e-15   7.28e-16
  1.1561e-01   2.21e-15   7.43e-16
  1.2111e-01   2.26e-15   7.61e-16
  1.2688e-01   2.31e-15   7.77e-16
  1.3292e-01   2.36e-15   7.93e-16
  1.3925e-01   2.44e-15   8.20e-16
  1.4588e-01   2.49e-15   8.39e-16
  1.5282e-01   2.55e-15   8.57e-16
  1.6010e-01   2.61e-15   8.78e-16
  1.6772e-01   2.67e-15   8.97e-16
  1.7571e-01   2.73e-15   9.20e-16
  1.8408e-01   2.80e-15   9.44e-16
  1.9284e-01   2.86e-15   9.62e-16
  2.0202e-01   2.91e-15   9.78e-16
  2.1164e-01   3.00e-15   1.01e-15
  2.2172e-01   3.07e-15   1.03e-15
  2.3228e-01   3.15e-15   1.06e-15
  2.4334e-01   3.21e-15   1.08e-15
  2.5493e-01   3.30e-15   1.11e-15
  2.6706e-01   3.37e-15   1.13e-15
  2.7978e-01   3.47e-15   1.17e-15
  2.9310e-01   3.57e-15   1.20e-15
  3.0706e-01   3.66e-15   1.23e-15
  3.2168e-01   3.76e-15   1.27e-15
  3.3700e-01   3.87e-15   1.30e-15
  3.5304e-01   3.99e-15   1.34e-15
  3.6985e-01   4.12e-15   1.39e-15
  3.8746e-01   4.24e-15   1.42e-15
  4.0591e-01   4.36e-15   1.47e-15
  4.2524e-01   4.53e-15   1.52e-15
  4.4549e-01   4.67e-15   1.57e-15
  4.6670e-01   4.84e-15   1.63e-15
  4.8893e-01   5.01e-15   1.68e-15
  5.1221e-01   5.20e-15   1.75e-15
  5.3659e-01   5.37e-15   1.81e-15
  5.6215e-01   5.60e-15   1.88e-15
  5.8891e-01   5.82e-15   1.96e-15
  6.1695e-01   6.07e-15   2.04e-15
  6.4633e-01   6.32e-15   2.13e-15
  6.7711e-01   6.58e-15   2.21e-15
  7.0935e-01   6.86e-15   2.31e-15
  7.4312e-01   7.18e-15   2.41e-15
  7.7851e-01   7.48e-15   2.51e-15
  8.1558e-01   7.79e-15   2.62e-15
  8.5441e-01   8.16e-15   2.74e-15
  8.9509e-01   8.51e-15   2.86e-15
  9.3771e-01   8.89e-15   2.99e-15
  9.8236e-01   9.25e-15   3.11e-15
  1.0291e+00   9.62e-15   3.24e-15
  1.0781e+00   9.98e-15   3.36e-15
  1.1295e+00   1.04e-14   3.49e-15
  1.1833e+00   1.07e-14   3.61e-15
  1.2396e+00   1.11e-14   3.72e-15
  1.2986e+00   1.13e-14   3.81e-15
  1.3605e+00   1.14e-14   3.85e-15
  1.4252e+00   1.14e-14   3.85e-15
  1.4931e+00   1.14e-14   3.85e-15
  1.5642e+00   1.14e-14   3.85e-15
  1.6387e+00   1.14e-14   3.85e-15
  1.7167e+00   1.14e-14   3.85e-15
  1.7985e+00   1.14e-14   3.85e-15
  1.8841e+00   1.14e-14   3.85e-15
  1.9738e+00   1.14e-14   3.85e-15
  2.0678e+00   1.14e-14   3.85e-15
  2.1662e+00   1.14e-14   3.85e-15
  2.2694e+00   1.14e-14   3.85e-15
  2.3774e+00   1.14e-14   3.85e-15
  2.4907e+00   1.14e-14   3.85e-15
  2.6092e+00   1.14e-14   3.85e-15
  2.7335e+00   1.14e-14   3.85e-15
  2.8636e+00   1.14e-14   3.85e-15
  3.0000e+00   1.14e-14   3.85e-15
#   ... processing Perseus_A426_z05_CLUSTER ...
# #alpha_{int} [deg]	Flux [# cm^{-2} s^{-1}] (Gammas)	Flux [# cm^{-2} s^{-1}] (Neutrinos)
  3.0000e-02   1.31e-17   4.27e-18
  3.1428e-02   1.33e-17   4.34e-18
  3.2925e-02   1.36e-17   4.43e-18
  3.4493e-02   1.39e-17   4.52e-18
  3.6135e-02   1.41e-17   4.61e-18
  3.7856e-02   1.44e-17   4.71e-18
  3.9658e-02   1.47e-17   4.80e-18
  4.1547e-02   1.50e-17   4.90e-18
  4.3525e-02   1.53e-17   5.00e-18
  4.5597e-02   1.61e-17   5.26e-18
  4.7768e-02   1.59e-17   5.19e-18
  5.0043e-02   1.62e-17   5.27e-18
  5.2426e-02   1.64e-17   5.36e-18
  5.4922e-02   1.66e-17   5.41e-18
  5.7537e-02   1.66e-17   5.42e-18
  6.0277e-02   1.66e-17   5.42e-18
  6.3147e-02   1.66e-17   5.42e-18
  6.6154e-02   1.66e-17   5.42e-18
  6.9304e-02   1.66e-17   5.42e-18
  7.2604e-02   1.66e-17   5.42e-18
  7.6061e-02   1.66e-17   5.42e-18
  7.9683e-02   1.66e-17   5.42e-18
  8.3477e-02   1.66e-17   5.42e-18
  8.7452e-02   1.66e-17   5.42e-18
  9.1616e-02   1.66e-17   5.42e-18
  9.5978e-02   1.66e-17   5.42e-18
  1.0055e-01   1.66e-17   5.42e-18
  1.0534e-01   1.66e-17   5.42e-18
  1.1035e-01   1.66e-17   5.42e-18
  1.1561e-01   1.66e-17   5.42e-18
  1.2111e-01   1.66e-17   5.42e-18
  1.2688e-01   1.66e-17   5.42e-18
  1.3292e-01   1.66e-17   5.42e-18
  1.3925e-01   1.66e-17   5.42e-18
  1.4588e-01   1.66e-17   5.42e-18
  1.5282e-01   1.66e-17   5.42e-18
  1.6010e-01   1.66e-17   5.42e-18
  1.6772e-01   1.66e-17   5.42e-18
  1.7571e-01   1.66e-17   5.42e-18
  1.8408e-01   1.66e-17   5.42e-18
  1.9284e-01   1.66e-17   5.42e-18
  2.0202e-01   1.66e-17   5.42e-18
  2.1164e-01   1.66e-17   5.42e-18
  2.2172e-01   1.66e-17   5.42e-18
  2.3228e-01   1.66e-17   5.42e-18
  2.4334e-01   1.66e-17   5.42e-18
  2.5493e-01   1.66e-17   5.42e-18
  2.6706e-01   1.66e-17   5.42e-18
  2.7978e-01   1.66e-17   5.42e-18
  2.9310e-01   1.66e-17   5.42e-18
  3.0706e-01   1.66e-17   5.42e-18
  3.2168e-01   1.66e-17   5.42e-18
  3.3700e-01   1.66e-17   5.42e-18
  3.5304e-01   1.66e-17   5.42e-18
  3.6985e-01   1.66e-17   5.42e-18
  3.8746e-01   1.66e-17   5.42e-18
  4.0591e-01   1.66e-17   5.42e-18
  4.2524e-01   1.66e-17   5.42e-18
  4.4549e-01   1.66e-17   5.42e-18
  4.6670e-01   1.66e-17   5.42e-18
  4.8893e-01   1.66e-17   5.42e-18
  5.1221e-01   1.66e-17   5.42e-18
  5.3659e-01   1.66e-17   5.42e-18
  5.6215e-01   1.66e-17   5.42e-18
  5.8891e-01   1.66e-17   5.42e-18
  6.1695e-01   1.66e-17   5.42e-18
  6.4633e-01   1.66e-17   5.42e-18
  6.7711e-01   1.66e-17   5.42e-18
  7.0935e-01   1.66e-17   5.42e-18
  7.4312e-01   1.66e-17   5.42e-18
  7.7851e-01   1.66e-17   5.42e-18
  8.1558e-01   1.66e-17   5.42e-18
  8.5441e-01   1.66e-17   5.42e-18
  8.9509e-01   1.66e-17   5.42e-18
  9.3771e-01   1.66e-17   5.42e-18
  9.8236e-01   1.66e-17   5.42e-18
  1.0291e+00   1.66e-17   5.42e-18
  1.0781e+00   1.66e-17   5.42e-18
  1.1295e+00   1.66e-17   5.42e-18
  1.1833e+00   1.66e-17   5.42e-18
  1.2396e+00   1.66e-17   5.42e-18
  1.2986e+00   1.66e-17   5.42e-18
  1.3605e+00   1.66e-17   5.42e-18
  1.4252e+00   1.66e-17   5.42e-18
  1.4931e+00   1.66e-17   5.42e-18
  1.5642e+00   1.66e-17   5.42e-18
  1.6387e+00   1.66e-17   5.42e-18
  1.7167e+00   1.66e-17   5.42e-18
  1.7985e+00   1.66e-17   5.42e-18
  1.8841e+00   1.66e-17   5.42e-18
  1.9738e+00   1.66e-17   5.42e-18
  2.0678e+00   1.66e-17   5.42e-18
  2.1662e+00   1.66e-17   5.42e-18
  2.2694e+00   1.66e-17   5.42e-18
  2.3774e+00   1.66e-17   5.42e-18
  2.4907e+00   1.66e-17   5.42e-18
  2.6092e+00   1.66e-17   5.42e-18
  2.7335e+00   1.66e-17   5.42e-18
  2.8636e+00   1.66e-17   5.42e-18
  3.0000e+00   1.66e-17   5.42e-18
#   ... processing Perseus_A426_z1_CLUSTER ...
# #alpha_{int} [deg]	Flux [# cm^{-2} s^{-1}] (Gammas)	Flux [# cm^{-2} s^{-1}] (Neutrinos)
  3.0000e-02   6.79e-18   2.15e-18
  3.1428e-02   6.83e-18   2.16e-18
  3.2925e-02   6.84e-18   2.17e-18
  3.4493e-02   6.84e-18   2.17e-18
  3.6135e-02   6.84e-18   2.17e-18
  3.7856e-02   6.84e-18   2.17e-18
  3.9658e-02   6.84e-18   2.17e-18
  4.1547e-02   6.84e-18   2.17e-18
  4.3525e-02   6.84e-18   2.17e-18
  4.5597e-02   6.84e-18   2.17e-18
  4.7768e-02   6.84e-18   2.17e-18
  5.0043e-02   6.84e-18   2.17e-18
  5.2426e-02   6.84e-18   2.17e-18
  5.4922e-02   6.84e-18   2.17e-18
  5.7537e-02   6.84e-18   2.17e-18
  6.0277e-02   6.84e-18   2.17e-18
  6.3147e-02   6.84e-18   2.17e-18
  6.6154e-02   6.84e-18   2.17e-18
  6.9304e-02   6.84e-18   2.17e-18
  7.2604e-02   6.84e-18   2.17e-18
  7.6061e-02   6.84e-18   2.17e-18
  7.9683e-02   6.84e-18   2.17e-18
  8.3477e-02   6.84e-18   2.17e-18
  8.7452e-02   6.84e-18   2.17e-18
  9.1616e-02   6.84e-18   2.17e-18
  9.5978e-02   6.84e-18   2.17e-18
  1.0055e-01   6.84e-18   2.17e-18
  1.0534e-01   6.84e-18   2.17e-18
  1.1035e-01   6.84e-18   2.17e-18
  1.1561e-01   6.84e-18   2.17e-18
  1.2111e-01   6.84e-18   2.17e-18
  1.2688e-01   6.84e-18   2.17e-18
  1.3292e-01   6.84e-18   2.17e-18
  1.3925e-01   6.84e-18   2.17e-18
  1.4588e-01   6.84e-18   2.17e-18
  1.5282e-01   6.84e-18   2.17e-18
  1.6010e-01   6.84e-18   2.17e-18
  1.6772e-01   6.84e-18   2.17e-18
  1.7571e-01   6.84e-18   2.17e-18
  1.8408e-01   6.84e-18   2.17e-18
  1.9284e-01   6.84e-18   2.17e-18
  2.0202e-01   6.84e-18   2.17e-18
  2.1164e-01   6.84e-18   2.17e-18
  2.2172e-01   6.84e-18   2.17e-18
  2.3228e-01   6.84e-18   2.17e-18
  2.4334e-01   6.84e-18   2.17e-18
  2.5493e-01   6.84e-18   2.17e-18
  2.6706e-01   6.84e-18   2.17e-18
  2.7978e-01   6.84e-18   2.17e-18
  2.9310e-01   6.84e-18   2.17e-18
  3.0706e-01   6.84e-18   2.17e-18
  3.2168e-01   6.84e-18   2.17e-18
  3.3700e-01   6.84e-18   2.17e-18
  3.5304e-01   6.84e-18   2.17e-18
  3.6985e-01   6.84e-18   2.17e-18
  3.8746e-01   6.84e-18   2.17e-18
  4.0591e-01   6.84e-18   2.17e-18
  4.2524e-01   6.84e-18   2.17e-18
  4.4549e-01   6.84e-18   2.17e-18
  4.6670e-01   6.84e-18   2.17e-18
  4.8893e-01   6.84e-18   2.17e-18
  5.1221e-01   6.84e-18   2.17e-18
  5.3659e-01   6.84e-18   2.17e-18
  5.6215e-01   6.84e-18   2.17e-18
  5.8891e-01   6.84e-18   2.17e-18
  6.1695e-01   6.84e-18   2.17e-18
  6.4633e-01   6.84e-18   2.17e-18
  6.7711e-01   6.84e-18   2.17e-18
  7.0935e-01   6.84e-18   2.17e-18
  7.4312e-01   6.84e-18   2.17e-18
  7.7851e-01   6.84e-18   2.17e-18
  8.1558e-01   6.84e-18   2.17e-18
  8.5441e-01   6.84e-18   2.17e-18
  8.9509e-01   6.84e-18   2.17e-18
  9.3771e-01   6.84e-18   2.17e-18
  9.8236e-01   6.84e-18   2.17e-18
  1.0291e+00   6.84e-18   2.17e-18
  1.0781e+00   6.84e-18   2.17e-18
  1.1295e+00   6.84e-18   2.17e-18
  1.1833e+00   6.84e-18   2.17e-18
  1.2396e+00   6.84e-18   2.17e-18
  1.2986e+00   6.84e-18   2.17e-18
  1.3605e+00   6.84e-18   2.17e-18
  1.4252e+00   6.84e-18   2.17e-18
  1.4931e+00   6.84e-18   2.17e-18
  1.5642e+00   6.84e-18   2.17e-18
  1.6387e+00   6.84e-18   2.17e-18
  1.7167e+00   6.84e-18   2.17e-18
  1.7985e+00   6.84e-18   2.17e-18
  1.8841e+00   6.84e-18   2.17e-18
  1.9738e+00   6.84e-18   2.17e-18
  2.0678e+00   6.84e-18   2.17e-18
  2.1662e+00   6.84e-18   2.17e-18
  2.2694e+00   6.84e-18   2.17e-18
  2.3774e+00   6.84e-18   2.17e-18
  2.4907e+00   6.84e-18   2.17e-18
  2.6092e+00   6.84e-18   2.17e-18
  2.7335e+00   6.84e-18   2.17e-18
  2.8636e+00   6.84e-18   2.17e-18
  3.0000e+00   6.84e-18   2.17e-18
